  prep.cpp
  Unknown compiler version - please run the configure tests and report the results
c:\users\danzeng.cse-yajie\source\repos\tts\third_party\dapcstp\src\prep.cpp(508): warning C4244: '=': conversion from 'double' to '_Ty', possible loss of data
          with
          [
              _Ty=weight_t
          ]
c:\users\danzeng.cse-yajie\source\repos\tts\third_party\dapcstp\src\prep.cpp(557): warning C4267: '+=': conversion from 'size_t' to 'int', possible loss of data
c:\program files (x86)\microsoft visual studio\2017\community\vc\tools\msvc\14.15.26726\include\utility(239): warning C4244: 'initializing': conversion from '_Ty' to '_Ty1', possible loss of data
          with
          [
              _Ty=double
          ]
          and
          [
              _Ty1=weight_t
          ]
  c:\users\danzeng.cse-yajie\source\repos\tts\third_party\dapcstp\src\prep.cpp(400): note: see reference to function template instantiation 'std::pair<weight_t,int>::pair<double,int,0>(std::pair<double,int> &&) noexcept' being compiled
  c:\users\danzeng.cse-yajie\source\repos\tts\third_party\dapcstp\src\prep.cpp(400): note: see reference to function template instantiation 'std::pair<weight_t,int>::pair<double,int,0>(std::pair<double,int> &&) noexcept' being compiled
  tts.vcxproj -> C:\Users\danzeng.CSE-YAJIE\source\repos\tts\x64\Debug\tts.exe
