c:\users\danzeng.cse-yajie\source\repos\tts\tts\x64\debug\vc141.pdb
c:\users\danzeng.cse-yajie\source\repos\tts\tts\x64\debug\vc141.idb
c:\users\danzeng.cse-yajie\source\repos\tts\tts\x64\debug\tts.obj
c:\users\danzeng.cse-yajie\source\repos\tts\tts\x64\debug\util.obj
c:\users\danzeng.cse-yajie\source\repos\tts\tts\x64\debug\stats.obj
c:\users\danzeng.cse-yajie\source\repos\tts\tts\x64\debug\sol.obj
c:\users\danzeng.cse-yajie\source\repos\tts\tts\x64\debug\inst.obj
c:\users\danzeng.cse-yajie\source\repos\tts\tts\x64\debug\heur.obj
c:\users\danzeng.cse-yajie\source\repos\tts\tts\x64\debug\bbnode.obj
c:\users\danzeng.cse-yajie\source\repos\tts\tts\x64\debug\tts.pch
c:\users\danzeng.cse-yajie\source\repos\tts\tts\x64\debug\pch.obj
c:\users\danzeng.cse-yajie\source\repos\tts\tts\x64\debug\timer.obj
c:\users\danzeng.cse-yajie\source\repos\tts\tts\x64\debug\procstatus.obj
c:\users\danzeng.cse-yajie\source\repos\tts\tts\x64\debug\options.obj
c:\users\danzeng.cse-yajie\source\repos\tts\tts\x64\debug\cputime.obj
c:\users\danzeng.cse-yajie\source\repos\tts\tts\x64\debug\prep.obj
c:\users\danzeng.cse-yajie\source\repos\tts\tts\x64\debug\bounds.obj
c:\users\danzeng.cse-yajie\source\repos\tts\tts\x64\debug\bbtree.obj
c:\users\danzeng.cse-yajie\source\repos\tts\x64\debug\tts.pdb
c:\users\danzeng.cse-yajie\source\repos\tts\tts\x64\debug\tts.tlog\cl.command.1.tlog
c:\users\danzeng.cse-yajie\source\repos\tts\tts\x64\debug\tts.tlog\cl.read.1.tlog
c:\users\danzeng.cse-yajie\source\repos\tts\tts\x64\debug\tts.tlog\cl.write.1.tlog
c:\users\danzeng.cse-yajie\source\repos\tts\tts\x64\debug\tts.tlog\link.3904.read.1.tlog
c:\users\danzeng.cse-yajie\source\repos\tts\tts\x64\debug\tts.tlog\link.3904.write.1.tlog
c:\users\danzeng.cse-yajie\source\repos\tts\tts\x64\debug\tts.tlog\link.command.1.tlog
c:\users\danzeng.cse-yajie\source\repos\tts\tts\x64\debug\tts.tlog\link.read.1.tlog
c:\users\danzeng.cse-yajie\source\repos\tts\tts\x64\debug\tts.tlog\link.write.1.tlog
