c:\users\danzeng.cse-yajie\source\repos\tts\tts\x64\release\vc141.pdb
c:\users\danzeng.cse-yajie\source\repos\tts\tts\x64\release\tts.obj
c:\users\danzeng.cse-yajie\source\repos\tts\tts\x64\release\util.obj
c:\users\danzeng.cse-yajie\source\repos\tts\tts\x64\release\stats.obj
c:\users\danzeng.cse-yajie\source\repos\tts\tts\x64\release\sol.obj
c:\users\danzeng.cse-yajie\source\repos\tts\tts\x64\release\prep.obj
c:\users\danzeng.cse-yajie\source\repos\tts\tts\x64\release\inst.obj
c:\users\danzeng.cse-yajie\source\repos\tts\tts\x64\release\heur.obj
c:\users\danzeng.cse-yajie\source\repos\tts\tts\x64\release\bounds.obj
c:\users\danzeng.cse-yajie\source\repos\tts\tts\x64\release\bbtree.obj
c:\users\danzeng.cse-yajie\source\repos\tts\tts\x64\release\bbnode.obj
c:\users\danzeng.cse-yajie\source\repos\tts\tts\x64\release\tts.pch
c:\users\danzeng.cse-yajie\source\repos\tts\tts\x64\release\pch.obj
c:\users\danzeng.cse-yajie\source\repos\tts\tts\x64\release\timer.obj
c:\users\danzeng.cse-yajie\source\repos\tts\tts\x64\release\procstatus.obj
c:\users\danzeng.cse-yajie\source\repos\tts\tts\x64\release\options.obj
c:\users\danzeng.cse-yajie\source\repos\tts\tts\x64\release\cputime.obj
c:\users\danzeng.cse-yajie\source\repos\tts\x64\release\tts.exe
c:\users\danzeng.cse-yajie\source\repos\tts\x64\release\tts.pdb
c:\users\danzeng.cse-yajie\source\repos\tts\x64\release\tts.ipdb
c:\users\danzeng.cse-yajie\source\repos\tts\x64\release\tts.iobj
c:\users\danzeng.cse-yajie\source\repos\tts\tts\x64\release\tts.tlog\cl.command.1.tlog
c:\users\danzeng.cse-yajie\source\repos\tts\tts\x64\release\tts.tlog\cl.read.1.tlog
c:\users\danzeng.cse-yajie\source\repos\tts\tts\x64\release\tts.tlog\cl.write.1.tlog
c:\users\danzeng.cse-yajie\source\repos\tts\tts\x64\release\tts.tlog\link.command.1.tlog
c:\users\danzeng.cse-yajie\source\repos\tts\tts\x64\release\tts.tlog\link.read.1.tlog
c:\users\danzeng.cse-yajie\source\repos\tts\tts\x64\release\tts.tlog\link.write.1.tlog
c:\users\danzeng.cse-yajie\source\repos\tts\tts\x64\release\tts.tlog\tts.write.1u.tlog
